<?xml version="1.0" encoding="UTF-8"?>
<!-- Generated by org.testng.reporters.JUnitReportReporter -->
<testsuite hostname="MKG-JAGGU" failures="0" tests="2" name="cucumberoptions.testrunner" time="29.171" errors="0" timestamp="11 Jun 2020 21:21:06 GMT">
  <testcase classname="cucumberoptions.testrunner" name="feature" time="16.251"/>
  <testcase classname="cucumberoptions.testrunner" name="feature" time="12.920"/>
</testsuite> <!-- cucumberoptions.testrunner -->
