<?xml version="1.0" encoding="UTF-8"?>
<!-- Generated by org.testng.reporters.JUnitReportReporter -->
<testsuite hostname="MKG-JAGGU" failures="0" tests="3" name="cucumberoptions.testrunner" time="85.988" errors="0" timestamp="11 Jun 2020 21:55:22 GMT">
  <testcase classname="cucumberoptions.testrunner" name="feature" time="23.811"/>
  <testcase classname="cucumberoptions.testrunner" name="feature" time="31.104"/>
  <testcase classname="cucumberoptions.testrunner" name="feature" time="31.073"/>
</testsuite> <!-- cucumberoptions.testrunner -->
